Process
=======
link

Command Line
============
gcc /root/Documents/Flyway-On-GraalVM-NativeImage-Test/target/gluonfx/x86_64-linux/gvm/FlywayOnGraalVMNativeImageTest/launcher.o /root/Documents/Flyway-On-GraalVM-NativeImage-Test/target/gluonfx/x86_64-linux/gvm/tmp/SVM-1710946421745/com.maqboolsolutions.flywaygraalvmtest.main.o /programs/graalvm-community-openjdk-22+36.1/lib/static/linux-amd64/glibc/libjava.a /programs/graalvm-community-openjdk-22+36.1/lib/static/linux-amd64/glibc/libnio.a /programs/graalvm-community-openjdk-22+36.1/lib/static/linux-amd64/glibc/libzip.a /programs/graalvm-community-openjdk-22+36.1/lib/static/linux-amd64/glibc/libnet.a /programs/graalvm-community-openjdk-22+36.1/lib/static/linux-amd64/glibc/libprefs.a /programs/graalvm-community-openjdk-22+36.1/lib/static/linux-amd64/glibc/libj2pkcs11.a /programs/graalvm-community-openjdk-22+36.1/lib/static/linux-amd64/glibc/libextnet.a /programs/graalvm-community-openjdk-22+36.1/lib/static/linux-amd64/glibc/libfontmanager.a /programs/graalvm-community-openjdk-22+36.1/lib/static/linux-amd64/glibc/libjavajpeg.a /programs/graalvm-community-openjdk-22+36.1/lib/static/linux-amd64/glibc/liblcms.a /programs/graalvm-community-openjdk-22+36.1/lib/static/linux-amd64/glibc/libawt_headless.a /programs/graalvm-community-openjdk-22+36.1/lib/static/linux-amd64/glibc/libawt.a -l:libjvm.a -l:liblibchelper.a -lz -ldl -lstdc++ -lpthread -Wl,--wrap=pow -rdynamic -lprism_es2 -lglass -lglassgtk3 -ljavafx_font -ljavafx_font_freetype -ljavafx_font_pango -ljavafx_iio -lgstreamer-lite -lavcodec -lavformat -lavutil -lasound -Wl,--no-whole-archive -lGL -lX11 -lgtk-3 -lgdk-3 -lpangocairo-1.0 -lpango-1.0 -lharfbuzz -latk-1.0 -lcairo-gobject -lcairo -lgdk_pixbuf-2.0 -lgio-2.0 -lgobject-2.0 -lglib-2.0 -lfreetype -lpangoft2-1.0 -lpango-1.0 -lgobject-2.0 -lglib-2.0 -lharfbuzz -lfontconfig -lfreetype -lgthread-2.0 -pthread -lglib-2.0 -lstdc++ -lz -lXtst -lm -lgmodule-2.0 -pthread -lglib-2.0 -lm -ldl -o /root/Documents/Flyway-On-GraalVM-NativeImage-Test/target/gluonfx/x86_64-linux/FlywayOnGraalVMNativeImageTest -L/programs/graalvm-community-openjdk-22+36.1/lib/svm/clibraries/linux-amd64 -L/root/.gluon/substrate/javafxStaticSdk/21-ea+11.1/linux-x86_64/sdk/lib

Output
======
/usr/bin/ld: /root/Documents/Flyway-On-GraalVM-NativeImage-Test/target/gluonfx/x86_64-linux/gvm/tmp/SVM-1710946421745/com.maqboolsolutions.flywaygraalvmtest.main.o:(.data+0x60): undefined reference to `Java_com_sun_pisces_PiscesRenderer_disposeNative'
/usr/bin/ld: /root/Documents/Flyway-On-GraalVM-NativeImage-Test/target/gluonfx/x86_64-linux/gvm/tmp/SVM-1710946421745/com.maqboolsolutions.flywaygraalvmtest.main.o:(.data+0x80): undefined reference to `Java_com_sun_pisces_PiscesRenderer_emitAndClearAlphaRowImpl'
/usr/bin/ld: /root/Documents/Flyway-On-GraalVM-NativeImage-Test/target/gluonfx/x86_64-linux/gvm/tmp/SVM-1710946421745/com.maqboolsolutions.flywaygraalvmtest.main.o:(.data+0x140): undefined reference to `Java_com_sun_pisces_PiscesRenderer_drawImageImpl'
/usr/bin/ld: /root/Documents/Flyway-On-GraalVM-NativeImage-Test/target/gluonfx/x86_64-linux/gvm/tmp/SVM-1710946421745/com.maqboolsolutions.flywaygraalvmtest.main.o:(.data+0x260): undefined reference to `Java_com_sun_pisces_PiscesRenderer_initialize'
/usr/bin/ld: /root/Documents/Flyway-On-GraalVM-NativeImage-Test/target/gluonfx/x86_64-linux/gvm/tmp/SVM-1710946421745/com.maqboolsolutions.flywaygraalvmtest.main.o:(.data+0x2d8): undefined reference to `Java_com_sun_pisces_PiscesRenderer_setRadialGradientImpl'
/usr/bin/ld: /root/Documents/Flyway-On-GraalVM-NativeImage-Test/target/gluonfx/x86_64-linux/gvm/tmp/SVM-1710946421745/com.maqboolsolutions.flywaygraalvmtest.main.o:(.data+0x420): undefined reference to `Java_com_sun_pisces_PiscesRenderer_setTextureImpl'
/usr/bin/ld: /root/Documents/Flyway-On-GraalVM-NativeImage-Test/target/gluonfx/x86_64-linux/gvm/tmp/SVM-1710946421745/com.maqboolsolutions.flywaygraalvmtest.main.o:(.data+0x618): undefined reference to `Java_com_sun_pisces_AbstractSurface_disposeNative'
/usr/bin/ld: /root/Documents/Flyway-On-GraalVM-NativeImage-Test/target/gluonfx/x86_64-linux/gvm/tmp/SVM-1710946421745/com.maqboolsolutions.flywaygraalvmtest.main.o:(.data+0x790): undefined reference to `Java_com_sun_pisces_AbstractSurface_getRGBImpl'
/usr/bin/ld: /root/Documents/Flyway-On-GraalVM-NativeImage-Test/target/gluonfx/x86_64-linux/gvm/tmp/SVM-1710946421745/com.maqboolsolutions.flywaygraalvmtest.main.o:(.data+0x870): undefined reference to `Java_com_sun_pisces_PiscesRenderer_setColorImpl'
/usr/bin/ld: /root/Documents/Flyway-On-GraalVM-NativeImage-Test/target/gluonfx/x86_64-linux/gvm/tmp/SVM-1710946421745/com.maqboolsolutions.flywaygraalvmtest.main.o:(.data+0x8d8): undefined reference to `Java_com_sun_pisces_PiscesRenderer_clearRectImpl'
/usr/bin/ld: /root/Documents/Flyway-On-GraalVM-NativeImage-Test/target/gluonfx/x86_64-linux/gvm/tmp/SVM-1710946421745/com.maqboolsolutions.flywaygraalvmtest.main.o:(.data+0x998): undefined reference to `Java_com_sun_pisces_PiscesRenderer_setClipImpl'
/usr/bin/ld: /root/Documents/Flyway-On-GraalVM-NativeImage-Test/target/gluonfx/x86_64-linux/gvm/tmp/SVM-1710946421745/com.maqboolsolutions.flywaygraalvmtest.main.o:(.data+0xb88): undefined reference to `Java_com_sun_pisces_Transform6_initialize'
/usr/bin/ld: /root/Documents/Flyway-On-GraalVM-NativeImage-Test/target/gluonfx/x86_64-linux/gvm/tmp/SVM-1710946421745/com.maqboolsolutions.flywaygraalvmtest.main.o:(.data+0xbc0): undefined reference to `Java_com_sun_pisces_PiscesRenderer_fillAlphaMaskImpl'
/usr/bin/ld: /root/Documents/Flyway-On-GraalVM-NativeImage-Test/target/gluonfx/x86_64-linux/gvm/tmp/SVM-1710946421745/com.maqboolsolutions.flywaygraalvmtest.main.o:(.data+0xcd8): undefined reference to `Java_com_sun_pisces_PiscesRenderer_setCompositeRuleImpl'
/usr/bin/ld: /root/Documents/Flyway-On-GraalVM-NativeImage-Test/target/gluonfx/x86_64-linux/gvm/tmp/SVM-1710946421745/com.maqboolsolutions.flywaygraalvmtest.main.o:(.data+0xd48): undefined reference to `Java_com_sun_pisces_JavaSurface_initialize'
/usr/bin/ld: /root/Documents/Flyway-On-GraalVM-NativeImage-Test/target/gluonfx/x86_64-linux/gvm/tmp/SVM-1710946421745/com.maqboolsolutions.flywaygraalvmtest.main.o:(.data+0xda8): undefined reference to `Java_com_sun_pisces_PiscesRenderer_setLCDGammaCorrectionImpl'
/usr/bin/ld: /root/Documents/Flyway-On-GraalVM-NativeImage-Test/target/gluonfx/x86_64-linux/gvm/tmp/SVM-1710946421745/com.maqboolsolutions.flywaygraalvmtest.main.o:(.data+0xfa8): undefined reference to `Java_com_sun_pisces_PiscesRenderer_fillRectImpl'
/usr/bin/ld: /root/Documents/Flyway-On-GraalVM-NativeImage-Test/target/gluonfx/x86_64-linux/gvm/tmp/SVM-1710946421745/com.maqboolsolutions.flywaygraalvmtest.main.o:(.data+0x1070): undefined reference to `Java_com_sun_pisces_PiscesRenderer_setLinearGradientImpl'
/usr/bin/ld: /root/Documents/Flyway-On-GraalVM-NativeImage-Test/target/gluonfx/x86_64-linux/gvm/tmp/SVM-1710946421745/com.maqboolsolutions.flywaygraalvmtest.main.o:(.data+0x1108): undefined reference to `Java_com_sun_pisces_PiscesRenderer_fillLCDAlphaMaskImpl'
/usr/bin/ld: /root/Documents/Flyway-On-GraalVM-NativeImage-Test/target/gluonfx/x86_64-linux/gvm/tmp/SVM-1710946421745/com.maqboolsolutions.flywaygraalvmtest.main.o:(.data+0x1138): undefined reference to `Java_com_sun_management_internal_OperatingSystemImpl_initialize0'
collect2: error: ld returned 1 exit status


Result
======
result: 1